======================================================================
PYTEST RESULTS (--continue-on-collection-errors)
======================================================================
============================= test session starts =============================
platform win32 -- Python 3.12.3, pytest-8.3.4, pluggy-1.6.0 -- D:\ProgramData\miniconda3\python.exe
cachedir: .pytest_cache
rootdir: D:\RIFT-Hack1\dummy-buggy-repo
plugins: anyio-4.12.1
collecting ... collected 29 items / 2 errors

tests/test_config.py::test_default_config PASSED                         [  3%]
tests/test_config.py::test_get_port_returns_int FAILED                   [  6%]
tests/test_config.py::test_get_port_default PASSED                       [ 10%]
tests/test_config.py::test_set_and_get PASSED                            [ 13%]
tests/test_config.py::test_validate_valid PASSED                         [ 17%]
tests/test_config.py::test_validate_missing_key PASSED                   [ 20%]
tests/test_config.py::test_database_url PASSED                           [ 24%]
tests/test_config.py::test_to_dict PASSED                                [ 27%]
tests/test_formatter.py::test_format_name PASSED                         [ 31%]
tests/test_formatter.py::test_format_currency PASSED                     [ 34%]
tests/test_formatter.py::test_format_currency_type_error PASSED          [ 37%]
tests/test_formatter.py::test_format_percentage PASSED                   [ 41%]
tests/test_formatter.py::test_truncate_string PASSED                     [ 44%]
tests/test_formatter.py::test_truncate_string_type_error PASSED          [ 48%]
tests/test_formatter.py::test_pad_string PASSED                          [ 51%]
tests/test_formatter.py::test_pad_string_invalid_align PASSED            [ 55%]
tests/test_formatter.py::test_snake_to_camel PASSED                      [ 58%]
tests/test_formatter.py::test_camel_to_snake PASSED                      [ 62%]
tests/test_utils.py::test_add_numbers PASSED                             [ 65%]
tests/test_utils.py::test_multiply_numbers PASSED                        [ 68%]
tests/test_utils.py::test_calculate_average PASSED                       [ 72%]
tests/test_utils.py::test_find_max PASSED                                [ 75%]
tests/test_utils.py::test_find_min PASSED                                [ 79%]
tests/test_utils.py::test_is_palindrome PASSED                           [ 82%]
tests/test_utils.py::test_factorial FAILED                               [ 86%]
tests/test_utils.py::test_count_words PASSED                             [ 89%]
tests/test_utils.py::test_reverse_string PASSED                          [ 93%]
tests/test_utils.py::test_is_even PASSED                                 [ 96%]
tests/test_utils.py::test_square PASSED                                  [100%]

=================================== ERRORS ====================================
________________ ERROR collecting tests/test_data_processor.py ________________
ImportError while importing test module 'D:\RIFT-Hack1\dummy-buggy-repo\tests\test_data_processor.py'.
Hint: make sure your test modules/packages have valid Python names.
Traceback:
D:\ProgramData\miniconda3\Lib\importlib\__init__.py:90: in import_module
    return _bootstrap._gcd_import(name[level:], package, level)
tests\test_data_processor.py:12: in <module>
    from data_processor import (
src\data_processor.py:7: in <module>
    import ci_cd_test_pkg_missing  # IMPORT ERROR line 7: package does not exist, guaranteed ImportError
E   ModuleNotFoundError: No module named 'ci_cd_test_pkg_missing'
__________________ ERROR collecting tests/test_validator.py ___________________
D:\ProgramData\miniconda3\Lib\site-packages\_pytest\python.py:493: in importtestmodule
    mod = import_path(
D:\ProgramData\miniconda3\Lib\site-packages\_pytest\pathlib.py:587: in import_path
    importlib.import_module(module_name)
D:\ProgramData\miniconda3\Lib\importlib\__init__.py:90: in import_module
    return _bootstrap._gcd_import(name[level:], package, level)
<frozen importlib._bootstrap>:1387: in _gcd_import
    ???
<frozen importlib._bootstrap>:1360: in _find_and_load
    ???
<frozen importlib._bootstrap>:1331: in _find_and_load_unlocked
    ???
<frozen importlib._bootstrap>:935: in _load_unlocked
    ???
D:\ProgramData\miniconda3\Lib\site-packages\_pytest\assertion\rewrite.py:184: in exec_module
    exec(co, module.__dict__)
tests\test_validator.py:12: in <module>
    from validator import validate_email, validate_phone, validate_age, validate_username, validate_password
E     File "D:\RIFT-Hack1\dummy-buggy-repo\tests\..\src\validator.py", line 6
E       def validate_email(email)
E                                ^
E   SyntaxError: expected ':'
================================== FAILURES ===================================
__________________________ test_get_port_returns_int __________________________
tests\test_config.py:25: in test_get_port_returns_int
    assert isinstance(port, int), f"Expected int, got {type(port).__name__}"  # This FAILS
E   AssertionError: Expected int, got str
E   assert False
E    +  where False = isinstance('9000', int)
_______________________________ test_factorial ________________________________
tests\test_utils.py:64: in test_factorial
    assert factorial(5) == 120   # FAILS: actual returns 15
E   assert 15 == 120
E    +  where 15 = factorial(5)
=========================== short test summary info ===========================
FAILED tests/test_config.py::test_get_port_returns_int - AssertionError: Expe...
FAILED tests/test_utils.py::test_factorial - assert 15 == 120
ERROR tests/test_data_processor.py
ERROR tests/test_validator.py
=================== 2 failed, 27 passed, 2 errors in 0.16s ====================


======================================================================
FLAKE8 RESULTS
======================================================================
src/data_processor.py:7:1: F401 'ci_cd_test_pkg_missing' imported but unused
src/formatter.py:7:3: E111 indentation is not a multiple of 4
src/formatter.py:7:101: E501 line too long (121 > 100 characters)
src/formatter.py:8:3: E111 indentation is not a multiple of 4
src/formatter.py:9:3: E111 indentation is not a multiple of 4
src/formatter.py:29:13: E117 over-indented
src/formatter.py:29:101: E501 line too long (118 > 100 characters)
src/utils.py:6:1: F401 'os' imported but unused
src/validator.py:6:27: E999 SyntaxError: expected ':'
